-------------------------------------------------------------------------------
Test set: org.apache.flink.runtime.taskmanager.TaskTest
-------------------------------------------------------------------------------
Tests run: 1, Failures: 1, Errors: 0, Skipped: 0, Time elapsed: 12.054 s <<< FAILURE! - in org.apache.flink.runtime.taskmanager.TaskTest
testFatalErrorAfterUnInterruptibleInvoke(org.apache.flink.runtime.taskmanager.TaskTest)  Time elapsed: 1.386 s  <<< FAILURE!
java.lang.AssertionError: 

Expected: is not null
     but: was null
	at org.apache.flink.runtime.taskmanager.TaskTest.testFatalErrorAfterUnInterruptibleInvoke(TaskTest.java:825)

