<?xml version="1.0" encoding="UTF-8"?>
<testsuite xmlns:xsi="http://www.w3.org/2001/XMLSchema-instance" xsi:noNamespaceSchemaLocation="https://maven.apache.org/surefire/maven-surefire-plugin/xsd/surefire-test-report.xsd" name="org.apache.flink.runtime.taskmanager.TaskTest" time="12.054" tests="1" errors="0" skipped="0" failures="1">
  <properties>
[...]
</properties>
  <testcase name="testFatalErrorAfterUnInterruptibleInvoke" classname="org.apache.flink.runtime.taskmanager.TaskTest" time="1.386">
    <failure message="&#10;Expected: is not null&#10;     but: was null" type="java.lang.AssertionError">java.lang.AssertionError: 

Expected: is not null
     but: was null
	at org.apache.flink.runtime.taskmanager.TaskTest.testFatalErrorAfterUnInterruptibleInvoke(TaskTest.java:825)
</failure>
    <system-err><![CDATA[Exception in thread "Test Task (1/1)" java.lang.NoSuchMethodError: org.apache.flink.util.ExceptionUtils.enrichTaskManagerOutOfMemoryError(Ljava/lang/Throwable;)Ljava/lang/Throwable;
	at org.apache.flink.runtime.taskmanager.Task.doRun(Task.java:755)
	at org.apache.flink.runtime.taskmanager.Task.run(Task.java:542)
	at java.lang.Thread.run(Thread.java:748)
]]></system-err>
  </testcase>
</testsuite>